<?xml version="1.0" encoding="UTF-8"?>
<!-- Generated by org.testng.reporters.JUnitXMLReporter -->
<testsuite ignored="0" hostname="MANISHSWIN10" failures="0" tests="13" name="Test" time="101.082" errors="0" timestamp="2021-12-24T12:29:28 IST">
  <testcase classname="com.mypackege.TC02_ImgBB" name="test" time="2.067"/>
  <testcase classname="com.mypackege.TC01_SwagLabs" name="test" time="8.72"/>
  <testcase classname="com.mypackege.TC04_SnapDeal" name="test" time="10.826"/>
  <testcase classname="com.mypackege.TC05_FlipKart" name="test" time="18.565"/>
  <testcase classname="com.mypackege.TC07_GoogleLinks" name="test" time="5.26"/>
  <testcase classname="com.mypackege.TC08_SeleniumSearch" name="test" time="5.877"/>
  <testcase classname="com.mypackege.TC09_GoogleSearchInNewTab" name="test" time="15.498"/>
  <testcase classname="com.mypackege.TC03_Gmail" name="test" time="49.21"/>
  <testcase classname="com.mypackege.TC10_GoogleSearchInNewWindow" name="test" time="26.382"/>
  <testcase classname="com.mypackege.TC06_Amazon" name="test" time="36.923"/>
  <testcase classname="com.mypackege.TC11_Goibibo" name="test" time="7.718"/>
  <testcase classname="com.mypackege.TC13_Frames" name="test" time="1.873"/>
  <testcase classname="com.mypackege.TC12_POIBrowser" name="test" time="38.766"/>
</testsuite> <!-- Test -->
