<?xml version="1.0" encoding="UTF-8"?>
<testng-results ignored="0" total="1" passed="1" failed="0" skipped="0">
  <reporter-output>
  </reporter-output>
  <suite started-at="2021-12-24T12:15:12 IST" name="Default suite" finished-at="2021-12-24T12:15:53 IST" duration-ms="41553">
    <groups>
    </groups>
    <test started-at="2021-12-24T12:15:12 IST" name="Default test" finished-at="2021-12-24T12:15:53 IST" duration-ms="41553">
      <class name="com.mypackege.TC03_Gmail">
        <test-method is-config="true" signature="setup()[pri:0, instance:com.mypackege.TC03_Gmail@52bf72b5]" started-at="2021-12-24T12:15:12 IST" name="setup" finished-at="2021-12-24T12:15:21 IST" duration-ms="8795" status="PASS">
          <reporter-output>
          </reporter-output>
        </test-method> <!-- setup -->
        <test-method signature="test()[pri:0, instance:com.mypackege.TC03_Gmail@52bf72b5]" started-at="2021-12-24T12:15:21 IST" name="test" finished-at="2021-12-24T12:15:49 IST" duration-ms="28702" status="PASS">
          <reporter-output>
          </reporter-output>
        </test-method> <!-- test -->
        <test-method is-config="true" signature="tearDown()[pri:0, instance:com.mypackege.TC03_Gmail@52bf72b5]" started-at="2021-12-24T12:15:49 IST" name="tearDown" finished-at="2021-12-24T12:15:53 IST" duration-ms="4020" status="PASS">
          <reporter-output>
          </reporter-output>
        </test-method> <!-- tearDown -->
      </class> <!-- com.mypackege.TC03_Gmail -->
    </test> <!-- Default test -->
  </suite> <!-- Default suite -->
</testng-results>
